<?xml version="1.0" encoding="UTF-8"?>
<!-- Generated by org.testng.reporters.JUnitReportReporter -->
<testsuite hostname="Asma-Islam" failures="0" tests="1" name="testrunner.testrunnerclass" time="16.776" errors="0" timestamp="2023-09-16T15:10:23 EDT" skipped="0">
  <testcase classname="testrunner.testrunnerclass" name="feature" time="16.776"/>
  <system-out/>
</testsuite> <!-- testrunner.testrunnerclass -->
